<?xml version="1.0" encoding="UTF-8"?>
<!-- Generated by org.testng.reporters.JUnitReportReporter -->
<testsuite skipped="0" hostname="SRA2" name="tutorial.selenium.WaitTest" tests="1" failures="0" timestamp="25 Jun 2018 20:24:45 GMT" time="47.827" errors="0">
  <testcase name="test" time="47.827" classname="tutorial.selenium.WaitTest"/>
</testsuite> <!-- tutorial.selenium.WaitTest -->
